<?xml version="1.0" encoding="UTF-8"?>
<coverage generated="1749068627210" clover="3.2.0">
  <project timestamp="1749068627211" name="All files">
    <metrics statements="0" coveredstatements="0" conditionals="0" coveredconditionals="0" methods="0" coveredmethods="0" elements="0" coveredelements="0" complexity="0" loc="0" ncloc="0" packages="3" files="4" classes="4"/>
    <package name="Warehouse.dto">
      <metrics statements="0" coveredstatements="0" conditionals="0" coveredconditionals="0" methods="0" coveredmethods="0"/>
      <file name="update-inventory-item.dto.ts" path="C:\Users\HP\Desktop\lyricsflip_inventory\src\Warehouse\dto\update-inventory-item.dto.ts">
        <metrics statements="0" coveredstatements="0" conditionals="0" coveredconditionals="0" methods="0" coveredmethods="0"/>
      </file>
      <file name="update-storage-location.dto.ts" path="C:\Users\HP\Desktop\lyricsflip_inventory\src\Warehouse\dto\update-storage-location.dto.ts">
        <metrics statements="0" coveredstatements="0" conditionals="0" coveredconditionals="0" methods="0" coveredmethods="0"/>
      </file>
    </package>
    <package name="movementService">
      <metrics statements="0" coveredstatements="0" conditionals="0" coveredconditionals="0" methods="0" coveredmethods="0"/>
      <file name="inventory-movement.module.fixed.ts" path="C:\Users\HP\Desktop\lyricsflip_inventory\src\movementService\inventory-movement.module.fixed.ts">
        <metrics statements="0" coveredstatements="0" conditionals="0" coveredconditionals="0" methods="0" coveredmethods="0"/>
      </file>
    </package>
    <package name="pharmacy.dto">
      <metrics statements="0" coveredstatements="0" conditionals="0" coveredconditionals="0" methods="0" coveredmethods="0"/>
      <file name="update-pharmacy.dto.ts" path="C:\Users\HP\Desktop\lyricsflip_inventory\src\pharmacy\dto\update-pharmacy.dto.ts">
        <metrics statements="0" coveredstatements="0" conditionals="0" coveredconditionals="0" methods="0" coveredmethods="0"/>
      </file>
    </package>
  </project>
</coverage>
