{"C:\\Users\\HP\\Desktop\\lyricsflip_inventory\\src\\Warehouse\\dto\\update-inventory-item.dto.ts": {"path":"C:\\Users\\HP\\Desktop\\lyricsflip_inventory\\src\\Warehouse\\dto\\update-inventory-item.dto.ts","statementMap":{},"fnMap":{},"branchMap":{},"s":{},"f":{},"b":{}}
,"C:\\Users\\HP\\Desktop\\lyricsflip_inventory\\src\\Warehouse\\dto\\update-storage-location.dto.ts": {"path":"C:\\Users\\HP\\Desktop\\lyricsflip_inventory\\src\\Warehouse\\dto\\update-storage-location.dto.ts","statementMap":{},"fnMap":{},"branchMap":{},"s":{},"f":{},"b":{}}
,"C:\\Users\\HP\\Desktop\\lyricsflip_inventory\\src\\movementService\\inventory-movement.module.fixed.ts": {"path":"C:\\Users\\HP\\Desktop\\lyricsflip_inventory\\src\\movementService\\inventory-movement.module.fixed.ts","statementMap":{},"fnMap":{},"branchMap":{},"s":{},"f":{},"b":{}}
,"C:\\Users\\HP\\Desktop\\lyricsflip_inventory\\src\\pharmacy\\dto\\update-pharmacy.dto.ts": {"path":"C:\\Users\\HP\\Desktop\\lyricsflip_inventory\\src\\pharmacy\\dto\\update-pharmacy.dto.ts","statementMap":{},"fnMap":{},"branchMap":{},"s":{},"f":{},"b":{}}
}
